c:\users\1\documents\visual studio 2015\projects\hf\hf tree\debug\vc140.pdb
c:\users\1\documents\visual studio 2015\projects\hf\hf tree\debug\vc140.idb
c:\users\1\documents\visual studio 2015\projects\hf\hf tree\debug\main.obj
c:\users\1\documents\visual studio 2015\projects\hf\hf tree\debug\print.obj
c:\users\1\documents\visual studio 2015\projects\hf\hf tree\debug\cr_c.obj
c:\users\1\documents\visual studio 2015\projects\hf\hf tree\debug\mc_c.obj
c:\users\1\documents\visual studio 2015\projects\hf\hf tree\debug\compress.obj
c:\users\1\documents\visual studio 2015\projects\hf\hf tree\debug\to_b.obj
c:\users\1\documents\visual studio 2015\projects\hf\hf tree\debug\tree.obj
c:\users\1\documents\visual studio 2015\projects\hf\hf tree\debug\to_list.obj
c:\users\1\documents\visual studio 2015\projects\hf\hf tree\debug\source.obj
c:\users\1\documents\visual studio 2015\projects\hf\hf tree\debug\hf tree.ilk
c:\users\1\documents\visual studio 2015\projects\hf\hf tree\debug\hf tree.exe
c:\users\1\documents\visual studio 2015\projects\hf\hf tree\debug\hf tree.pdb
c:\users\1\documents\visual studio 2015\projects\hf\hf tree\debug\hf tree.tlog\cl.command.1.tlog
c:\users\1\documents\visual studio 2015\projects\hf\hf tree\debug\hf tree.tlog\cl.read.1.tlog
c:\users\1\documents\visual studio 2015\projects\hf\hf tree\debug\hf tree.tlog\cl.write.1.tlog
c:\users\1\documents\visual studio 2015\projects\hf\hf tree\debug\hf tree.tlog\link.command.1.tlog
c:\users\1\documents\visual studio 2015\projects\hf\hf tree\debug\hf tree.tlog\link.read.1.tlog
c:\users\1\documents\visual studio 2015\projects\hf\hf tree\debug\hf tree.tlog\link.write.1.tlog
