c:\users\1\documents\visual studio 2015\projects\hf\hf_buffs\debug\vc140.pdb
c:\users\1\documents\visual studio 2015\projects\hf\hf_buffs\debug\vc140.idb
c:\users\1\documents\visual studio 2015\projects\hf\hf_buffs\debug\mistakes.obj
c:\users\1\documents\visual studio 2015\projects\hf\hf_buffs\debug\rd_bytes.obj
c:\users\1\documents\visual studio 2015\projects\hf\hf_buffs\debug\adding.obj
c:\users\1\documents\visual studio 2015\projects\hf\hf_buffs\debug\extracting.obj
c:\users\1\documents\visual studio 2015\projects\hf\hf_buffs\debug\listing.obj
c:\users\1\documents\visual studio 2015\projects\hf\hf_buffs\debug\deleting.obj
c:\users\1\documents\visual studio 2015\projects\hf\hf_buffs\debug\del_from_list.obj
c:\users\1\documents\visual studio 2015\projects\hf\hf_buffs\debug\d_main.obj
c:\users\1\documents\visual studio 2015\projects\hf\hf_buffs\debug\byte_to_bit.obj
c:\users\1\documents\visual studio 2015\projects\hf\hf_buffs\debug\compress.obj
c:\users\1\documents\visual studio 2015\projects\hf\hf_buffs\debug\crcode.obj
c:\users\1\documents\visual studio 2015\projects\hf\hf_buffs\debug\mkcode.obj
c:\users\1\documents\visual studio 2015\projects\hf\hf_buffs\debug\printinfile.obj
c:\users\1\documents\visual studio 2015\projects\hf\hf_buffs\debug\create_tree.obj
c:\users\1\documents\visual studio 2015\projects\hf\hf_buffs\debug\unpress.obj
c:\users\1\documents\visual studio 2015\projects\hf\hf_buffs\debug\tree_to_b.obj
c:\users\1\documents\visual studio 2015\projects\hf\hf_buffs\debug\to_tree.obj
c:\users\1\documents\visual studio 2015\projects\hf\hf_buffs\debug\to_list_for_tree.obj
c:\users\1\documents\visual studio 2015\projects\hf\hf_buffs\debug\to_list.obj
c:\users\1\documents\visual studio 2015\projects\hf\hf_buffs\debug\wr_bytes.obj
c:\users\1\documents\visual studio 2015\projects\hf\hf_buffs\debug\crc32.obj
c:\users\1\documents\visual studio 2015\projects\hf\hf_buffs\debug\main.obj
c:\users\1\documents\visual studio 2015\projects\hf\hf_buffs\debug\info_for_header.obj
c:\users\1\documents\visual studio 2015\projects\hf\hf_buffs\debug\full_to_short.obj
c:\users\1\documents\visual studio 2015\projects\hf\hf_buffs\debug\g_bytes.obj
c:\users\1\documents\visual studio 2015\projects\hf\hf_buffs\debug\a_into_i.obj
c:\users\1\documents\visual studio 2015\projects\hf\hf_buffs\debug\haffman.ilk
c:\users\1\documents\visual studio 2015\projects\hf\hf_buffs\debug\haffman.exe
c:\users\1\documents\visual studio 2015\projects\hf\hf_buffs\debug\haffman.pdb
c:\users\1\documents\visual studio 2015\projects\hf\hf_buffs\debug\haffman.tlog\cl.command.1.tlog
c:\users\1\documents\visual studio 2015\projects\hf\hf_buffs\debug\haffman.tlog\cl.read.1.tlog
c:\users\1\documents\visual studio 2015\projects\hf\hf_buffs\debug\haffman.tlog\cl.write.1.tlog
c:\users\1\documents\visual studio 2015\projects\hf\hf_buffs\debug\haffman.tlog\link.command.1.tlog
c:\users\1\documents\visual studio 2015\projects\hf\hf_buffs\debug\haffman.tlog\link.read.1.tlog
c:\users\1\documents\visual studio 2015\projects\hf\hf_buffs\debug\haffman.tlog\link.write.1.tlog
